<?xml version="1.0" encoding="UTF-8"?>
<!-- Generated by org.testng.reporters.JUnitReportReporter -->
<testsuite hostname="LAPTOP-FICGNHIF" failures="0" tests="1" name="com.amazon.utility.ReadConfig" time="0.009" errors="0" timestamp="2022-03-26T01:01:07 IST" skipped="0">
  <testcase classname="com.amazon.utility.ReadConfig" name="dataprovider" time="0.009"/>
  <system-out>
    <![CDATA[===datafetching===]]>
  </system-out>
</testsuite> <!-- com.amazon.utility.ReadConfig -->
